[0.007s] Invoking command in '/home/tamir/ros2_workspaces/simple_delta_robot_ws/build/simple_delta_robot_description': CMAKE_PREFIX_PATH=${CMAKE_PREFIX_PATH}:/home/tamir/ros2_workspaces/ros2_ws/install/my_py_pkg:/home/tamir/ros2_workspaces/bookros2_ws/install/launch_pal:/home/tamir/ros2_workspaces/bookros2_ws/install/br2_fsm_bumpgo_py:/opt/ros/humble /usr/bin/cmake /home/tamir/ros2_workspaces/simple_delta_robot_ws/src/simple_delta_robot_description -DCMAKE_INSTALL_PREFIX=/home/tamir/ros2_workspaces/simple_delta_robot_ws/install/simple_delta_robot_description
[0.051s] -- The C compiler identification is GNU 11.4.0
[0.086s] -- The CXX compiler identification is GNU 11.4.0
[0.090s] -- Detecting C compiler ABI info
[0.139s] -- Detecting C compiler ABI info - done
[0.143s] -- Check for working C compiler: /usr/bin/cc - skipped
[0.143s] -- Detecting C compile features
[0.144s] -- Detecting C compile features - done
[0.145s] -- Detecting CXX compiler ABI info
[0.197s] -- Detecting CXX compiler ABI info - done
[0.202s] -- Check for working CXX compiler: /usr/bin/c++ - skipped
[0.202s] -- Detecting CXX compile features
[0.203s] -- Detecting CXX compile features - done
[0.205s] -- Found ament_cmake: 1.3.11 (/opt/ros/humble/share/ament_cmake/cmake)
[0.311s] -- Found Python3: /usr/bin/python3 (found version "3.10.12") found components: Interpreter 
[0.422s] -- Configuring done
[0.423s] -- Generating done
[0.424s] -- Build files have been written to: /home/tamir/ros2_workspaces/simple_delta_robot_ws/build/simple_delta_robot_description
[0.427s] Invoked command in '/home/tamir/ros2_workspaces/simple_delta_robot_ws/build/simple_delta_robot_description' returned '0': CMAKE_PREFIX_PATH=${CMAKE_PREFIX_PATH}:/home/tamir/ros2_workspaces/ros2_ws/install/my_py_pkg:/home/tamir/ros2_workspaces/bookros2_ws/install/launch_pal:/home/tamir/ros2_workspaces/bookros2_ws/install/br2_fsm_bumpgo_py:/opt/ros/humble /usr/bin/cmake /home/tamir/ros2_workspaces/simple_delta_robot_ws/src/simple_delta_robot_description -DCMAKE_INSTALL_PREFIX=/home/tamir/ros2_workspaces/simple_delta_robot_ws/install/simple_delta_robot_description
[0.428s] Invoking command in '/home/tamir/ros2_workspaces/simple_delta_robot_ws/build/simple_delta_robot_description': CMAKE_PREFIX_PATH=${CMAKE_PREFIX_PATH}:/home/tamir/ros2_workspaces/ros2_ws/install/my_py_pkg:/home/tamir/ros2_workspaces/bookros2_ws/install/launch_pal:/home/tamir/ros2_workspaces/bookros2_ws/install/br2_fsm_bumpgo_py:/opt/ros/humble /usr/bin/cmake --build /home/tamir/ros2_workspaces/simple_delta_robot_ws/build/simple_delta_robot_description -- -j20 -l20
[0.452s] Invoked command in '/home/tamir/ros2_workspaces/simple_delta_robot_ws/build/simple_delta_robot_description' returned '0': CMAKE_PREFIX_PATH=${CMAKE_PREFIX_PATH}:/home/tamir/ros2_workspaces/ros2_ws/install/my_py_pkg:/home/tamir/ros2_workspaces/bookros2_ws/install/launch_pal:/home/tamir/ros2_workspaces/bookros2_ws/install/br2_fsm_bumpgo_py:/opt/ros/humble /usr/bin/cmake --build /home/tamir/ros2_workspaces/simple_delta_robot_ws/build/simple_delta_robot_description -- -j20 -l20
[0.458s] Invoking command in '/home/tamir/ros2_workspaces/simple_delta_robot_ws/build/simple_delta_robot_description': CMAKE_PREFIX_PATH=${CMAKE_PREFIX_PATH}:/home/tamir/ros2_workspaces/ros2_ws/install/my_py_pkg:/home/tamir/ros2_workspaces/bookros2_ws/install/launch_pal:/home/tamir/ros2_workspaces/bookros2_ws/install/br2_fsm_bumpgo_py:/opt/ros/humble /usr/bin/cmake --install /home/tamir/ros2_workspaces/simple_delta_robot_ws/build/simple_delta_robot_description
[0.463s] -- Install configuration: ""
[0.463s] -- Installing: /home/tamir/ros2_workspaces/simple_delta_robot_ws/install/simple_delta_robot_description/share/simple_delta_robot_description//urdf
[0.463s] -- Installing: /home/tamir/ros2_workspaces/simple_delta_robot_ws/install/simple_delta_robot_description/share/simple_delta_robot_description//urdf/delta_robot.xacro
[0.463s] -- Installing: /home/tamir/ros2_workspaces/simple_delta_robot_ws/install/simple_delta_robot_description/share/simple_delta_robot_description//urdf/delta_robot.gazebo.xacro
[0.463s] -- Installing: /home/tamir/ros2_workspaces/simple_delta_robot_ws/install/simple_delta_robot_description/share/simple_delta_robot_description//urdf/delta_arm.xacro
[0.463s] -- Installing: /home/tamir/ros2_workspaces/simple_delta_robot_ws/install/simple_delta_robot_description/share/simple_delta_robot_description//urdf/materials.xacro
[0.464s] -- Installing: /home/tamir/ros2_workspaces/simple_delta_robot_ws/install/simple_delta_robot_description/share/simple_delta_robot_description//urdf/delta_arm.gazebo.xacro
[0.464s] -- Installing: /home/tamir/ros2_workspaces/simple_delta_robot_ws/install/simple_delta_robot_description/share/ament_index/resource_index/package_run_dependencies/simple_delta_robot_description
[0.464s] -- Installing: /home/tamir/ros2_workspaces/simple_delta_robot_ws/install/simple_delta_robot_description/share/ament_index/resource_index/parent_prefix_path/simple_delta_robot_description
[0.464s] -- Installing: /home/tamir/ros2_workspaces/simple_delta_robot_ws/install/simple_delta_robot_description/share/simple_delta_robot_description/environment/ament_prefix_path.sh
[0.465s] -- Installing: /home/tamir/ros2_workspaces/simple_delta_robot_ws/install/simple_delta_robot_description/share/simple_delta_robot_description/environment/ament_prefix_path.dsv
[0.465s] -- Installing: /home/tamir/ros2_workspaces/simple_delta_robot_ws/install/simple_delta_robot_description/share/simple_delta_robot_description/environment/path.sh
[0.465s] -- Installing: /home/tamir/ros2_workspaces/simple_delta_robot_ws/install/simple_delta_robot_description/share/simple_delta_robot_description/environment/path.dsv
[0.465s] -- Installing: /home/tamir/ros2_workspaces/simple_delta_robot_ws/install/simple_delta_robot_description/share/simple_delta_robot_description/local_setup.bash
[0.465s] -- Installing: /home/tamir/ros2_workspaces/simple_delta_robot_ws/install/simple_delta_robot_description/share/simple_delta_robot_description/local_setup.sh
[0.465s] -- Installing: /home/tamir/ros2_workspaces/simple_delta_robot_ws/install/simple_delta_robot_description/share/simple_delta_robot_description/local_setup.zsh
[0.465s] -- Installing: /home/tamir/ros2_workspaces/simple_delta_robot_ws/install/simple_delta_robot_description/share/simple_delta_robot_description/local_setup.dsv
[0.465s] -- Installing: /home/tamir/ros2_workspaces/simple_delta_robot_ws/install/simple_delta_robot_description/share/simple_delta_robot_description/package.dsv
[0.465s] -- Installing: /home/tamir/ros2_workspaces/simple_delta_robot_ws/install/simple_delta_robot_description/share/ament_index/resource_index/packages/simple_delta_robot_description
[0.465s] -- Installing: /home/tamir/ros2_workspaces/simple_delta_robot_ws/install/simple_delta_robot_description/share/simple_delta_robot_description/cmake/simple_delta_robot_descriptionConfig.cmake
[0.465s] -- Installing: /home/tamir/ros2_workspaces/simple_delta_robot_ws/install/simple_delta_robot_description/share/simple_delta_robot_description/cmake/simple_delta_robot_descriptionConfig-version.cmake
[0.465s] -- Installing: /home/tamir/ros2_workspaces/simple_delta_robot_ws/install/simple_delta_robot_description/share/simple_delta_robot_description/package.xml
[0.466s] Invoked command in '/home/tamir/ros2_workspaces/simple_delta_robot_ws/build/simple_delta_robot_description' returned '0': CMAKE_PREFIX_PATH=${CMAKE_PREFIX_PATH}:/home/tamir/ros2_workspaces/ros2_ws/install/my_py_pkg:/home/tamir/ros2_workspaces/bookros2_ws/install/launch_pal:/home/tamir/ros2_workspaces/bookros2_ws/install/br2_fsm_bumpgo_py:/opt/ros/humble /usr/bin/cmake --install /home/tamir/ros2_workspaces/simple_delta_robot_ws/build/simple_delta_robot_description
