-- Install configuration: ""
-- Up-to-date: /home/tamir/ros2_workspaces/simple_delta_robot_ws/install/simple_delta_robot_description/share/simple_delta_robot_description//urdf
-- Up-to-date: /home/tamir/ros2_workspaces/simple_delta_robot_ws/install/simple_delta_robot_description/share/simple_delta_robot_description//urdf/delta_robot.xacro
-- Up-to-date: /home/tamir/ros2_workspaces/simple_delta_robot_ws/install/simple_delta_robot_description/share/simple_delta_robot_description//urdf/delta_robot.gazebo.xacro
-- Up-to-date: /home/tamir/ros2_workspaces/simple_delta_robot_ws/install/simple_delta_robot_description/share/simple_delta_robot_description//urdf/delta_arm.xacro
-- Up-to-date: /home/tamir/ros2_workspaces/simple_delta_robot_ws/install/simple_delta_robot_description/share/simple_delta_robot_description//urdf/materials.xacro
-- Up-to-date: /home/tamir/ros2_workspaces/simple_delta_robot_ws/install/simple_delta_robot_description/share/simple_delta_robot_description//urdf/delta_arm.gazebo.xacro
-- Up-to-date: /home/tamir/ros2_workspaces/simple_delta_robot_ws/install/simple_delta_robot_description/share/simple_delta_robot_description//launch
-- Installing: /home/tamir/ros2_workspaces/simple_delta_robot_ws/install/simple_delta_robot_description/share/simple_delta_robot_description//launch/display.launch.xml
-- Up-to-date: /home/tamir/ros2_workspaces/simple_delta_robot_ws/install/simple_delta_robot_description/share/ament_index/resource_index/package_run_dependencies/simple_delta_robot_description
-- Up-to-date: /home/tamir/ros2_workspaces/simple_delta_robot_ws/install/simple_delta_robot_description/share/ament_index/resource_index/parent_prefix_path/simple_delta_robot_description
-- Up-to-date: /home/tamir/ros2_workspaces/simple_delta_robot_ws/install/simple_delta_robot_description/share/simple_delta_robot_description/environment/ament_prefix_path.sh
-- Up-to-date: /home/tamir/ros2_workspaces/simple_delta_robot_ws/install/simple_delta_robot_description/share/simple_delta_robot_description/environment/ament_prefix_path.dsv
-- Up-to-date: /home/tamir/ros2_workspaces/simple_delta_robot_ws/install/simple_delta_robot_description/share/simple_delta_robot_description/environment/path.sh
-- Up-to-date: /home/tamir/ros2_workspaces/simple_delta_robot_ws/install/simple_delta_robot_description/share/simple_delta_robot_description/environment/path.dsv
-- Up-to-date: /home/tamir/ros2_workspaces/simple_delta_robot_ws/install/simple_delta_robot_description/share/simple_delta_robot_description/local_setup.bash
-- Up-to-date: /home/tamir/ros2_workspaces/simple_delta_robot_ws/install/simple_delta_robot_description/share/simple_delta_robot_description/local_setup.sh
-- Up-to-date: /home/tamir/ros2_workspaces/simple_delta_robot_ws/install/simple_delta_robot_description/share/simple_delta_robot_description/local_setup.zsh
-- Up-to-date: /home/tamir/ros2_workspaces/simple_delta_robot_ws/install/simple_delta_robot_description/share/simple_delta_robot_description/local_setup.dsv
-- Up-to-date: /home/tamir/ros2_workspaces/simple_delta_robot_ws/install/simple_delta_robot_description/share/simple_delta_robot_description/package.dsv
-- Up-to-date: /home/tamir/ros2_workspaces/simple_delta_robot_ws/install/simple_delta_robot_description/share/ament_index/resource_index/packages/simple_delta_robot_description
-- Up-to-date: /home/tamir/ros2_workspaces/simple_delta_robot_ws/install/simple_delta_robot_description/share/simple_delta_robot_description/cmake/simple_delta_robot_descriptionConfig.cmake
-- Up-to-date: /home/tamir/ros2_workspaces/simple_delta_robot_ws/install/simple_delta_robot_description/share/simple_delta_robot_description/cmake/simple_delta_robot_descriptionConfig-version.cmake
-- Up-to-date: /home/tamir/ros2_workspaces/simple_delta_robot_ws/install/simple_delta_robot_description/share/simple_delta_robot_description/package.xml
