[0.008s] Invoking command in '/home/tamir/ros2_workspaces/simple_delta_robot_ws/build/simple_delta_robot_description': CMAKE_PREFIX_PATH=${CMAKE_PREFIX_PATH}:/home/tamir/ros2_workspaces/ros2_ws/install/my_py_pkg:/home/tamir/ros2_workspaces/bookros2_ws/install/launch_pal:/home/tamir/ros2_workspaces/bookros2_ws/install/br2_fsm_bumpgo_py:/opt/ros/humble /usr/bin/cmake --build /home/tamir/ros2_workspaces/simple_delta_robot_ws/build/simple_delta_robot_description -- -j20 -l20
[0.035s] Invoked command in '/home/tamir/ros2_workspaces/simple_delta_robot_ws/build/simple_delta_robot_description' returned '0': CMAKE_PREFIX_PATH=${CMAKE_PREFIX_PATH}:/home/tamir/ros2_workspaces/ros2_ws/install/my_py_pkg:/home/tamir/ros2_workspaces/bookros2_ws/install/launch_pal:/home/tamir/ros2_workspaces/bookros2_ws/install/br2_fsm_bumpgo_py:/opt/ros/humble /usr/bin/cmake --build /home/tamir/ros2_workspaces/simple_delta_robot_ws/build/simple_delta_robot_description -- -j20 -l20
[0.043s] Invoking command in '/home/tamir/ros2_workspaces/simple_delta_robot_ws/build/simple_delta_robot_description': CMAKE_PREFIX_PATH=${CMAKE_PREFIX_PATH}:/home/tamir/ros2_workspaces/ros2_ws/install/my_py_pkg:/home/tamir/ros2_workspaces/bookros2_ws/install/launch_pal:/home/tamir/ros2_workspaces/bookros2_ws/install/br2_fsm_bumpgo_py:/opt/ros/humble /usr/bin/cmake --install /home/tamir/ros2_workspaces/simple_delta_robot_ws/build/simple_delta_robot_description
[0.050s] -- Install configuration: ""
[0.050s] -- Up-to-date: /home/tamir/ros2_workspaces/simple_delta_robot_ws/install/simple_delta_robot_description/share/simple_delta_robot_description//urdf
[0.050s] -- Up-to-date: /home/tamir/ros2_workspaces/simple_delta_robot_ws/install/simple_delta_robot_description/share/simple_delta_robot_description//urdf/delta_robot.xacro
[0.050s] -- Up-to-date: /home/tamir/ros2_workspaces/simple_delta_robot_ws/install/simple_delta_robot_description/share/simple_delta_robot_description//urdf/delta_robot.gazebo.xacro
[0.050s] -- Up-to-date: /home/tamir/ros2_workspaces/simple_delta_robot_ws/install/simple_delta_robot_description/share/simple_delta_robot_description//urdf/delta_arm.xacro
[0.050s] -- Up-to-date: /home/tamir/ros2_workspaces/simple_delta_robot_ws/install/simple_delta_robot_description/share/simple_delta_robot_description//urdf/materials.xacro
[0.050s] -- Up-to-date: /home/tamir/ros2_workspaces/simple_delta_robot_ws/install/simple_delta_robot_description/share/simple_delta_robot_description//urdf/delta_arm.gazebo.xacro
[0.050s] -- Up-to-date: /home/tamir/ros2_workspaces/simple_delta_robot_ws/install/simple_delta_robot_description/share/simple_delta_robot_description//launch
[0.050s] -- Installing: /home/tamir/ros2_workspaces/simple_delta_robot_ws/install/simple_delta_robot_description/share/simple_delta_robot_description//launch/display.launch.xml
[0.050s] -- Up-to-date: /home/tamir/ros2_workspaces/simple_delta_robot_ws/install/simple_delta_robot_description/share/ament_index/resource_index/package_run_dependencies/simple_delta_robot_description
[0.050s] -- Up-to-date: /home/tamir/ros2_workspaces/simple_delta_robot_ws/install/simple_delta_robot_description/share/ament_index/resource_index/parent_prefix_path/simple_delta_robot_description
[0.050s] -- Up-to-date: /home/tamir/ros2_workspaces/simple_delta_robot_ws/install/simple_delta_robot_description/share/simple_delta_robot_description/environment/ament_prefix_path.sh
[0.050s] -- Up-to-date: /home/tamir/ros2_workspaces/simple_delta_robot_ws/install/simple_delta_robot_description/share/simple_delta_robot_description/environment/ament_prefix_path.dsv
[0.051s] -- Up-to-date: /home/tamir/ros2_workspaces/simple_delta_robot_ws/install/simple_delta_robot_description/share/simple_delta_robot_description/environment/path.sh
[0.051s] -- Up-to-date: /home/tamir/ros2_workspaces/simple_delta_robot_ws/install/simple_delta_robot_description/share/simple_delta_robot_description/environment/path.dsv
[0.051s] -- Up-to-date: /home/tamir/ros2_workspaces/simple_delta_robot_ws/install/simple_delta_robot_description/share/simple_delta_robot_description/local_setup.bash
[0.051s] -- Up-to-date: /home/tamir/ros2_workspaces/simple_delta_robot_ws/install/simple_delta_robot_description/share/simple_delta_robot_description/local_setup.sh
[0.051s] -- Up-to-date: /home/tamir/ros2_workspaces/simple_delta_robot_ws/install/simple_delta_robot_description/share/simple_delta_robot_description/local_setup.zsh
[0.051s] -- Up-to-date: /home/tamir/ros2_workspaces/simple_delta_robot_ws/install/simple_delta_robot_description/share/simple_delta_robot_description/local_setup.dsv
[0.051s] -- Up-to-date: /home/tamir/ros2_workspaces/simple_delta_robot_ws/install/simple_delta_robot_description/share/simple_delta_robot_description/package.dsv
[0.051s] -- Up-to-date: /home/tamir/ros2_workspaces/simple_delta_robot_ws/install/simple_delta_robot_description/share/ament_index/resource_index/packages/simple_delta_robot_description
[0.051s] -- Up-to-date: /home/tamir/ros2_workspaces/simple_delta_robot_ws/install/simple_delta_robot_description/share/simple_delta_robot_description/cmake/simple_delta_robot_descriptionConfig.cmake
[0.051s] -- Up-to-date: /home/tamir/ros2_workspaces/simple_delta_robot_ws/install/simple_delta_robot_description/share/simple_delta_robot_description/cmake/simple_delta_robot_descriptionConfig-version.cmake
[0.051s] -- Up-to-date: /home/tamir/ros2_workspaces/simple_delta_robot_ws/install/simple_delta_robot_description/share/simple_delta_robot_description/package.xml
[0.053s] Invoked command in '/home/tamir/ros2_workspaces/simple_delta_robot_ws/build/simple_delta_robot_description' returned '0': CMAKE_PREFIX_PATH=${CMAKE_PREFIX_PATH}:/home/tamir/ros2_workspaces/ros2_ws/install/my_py_pkg:/home/tamir/ros2_workspaces/bookros2_ws/install/launch_pal:/home/tamir/ros2_workspaces/bookros2_ws/install/br2_fsm_bumpgo_py:/opt/ros/humble /usr/bin/cmake --install /home/tamir/ros2_workspaces/simple_delta_robot_ws/build/simple_delta_robot_description
